<?xml version="1.0" encoding="UTF-8"?>
<testsuite name="org.fuse.client.model.AssetReportAccountsInnerTest" tests="5" skipped="0" failures="0" errors="0" timestamp="2023-12-19T17:51:39" hostname="Mac-1703007785441.local" time="0.0">
  <properties/>
  <testcase name="balanceTest()" classname="org.fuse.client.model.AssetReportAccountsInnerTest" time="0.0"/>
  <testcase name="remoteIdTest()" classname="org.fuse.client.model.AssetReportAccountsInnerTest" time="0.0"/>
  <testcase name="historicalBalancesTest()" classname="org.fuse.client.model.AssetReportAccountsInnerTest" time="0.0"/>
  <testcase name="transactionsTest()" classname="org.fuse.client.model.AssetReportAccountsInnerTest" time="0.0"/>
  <testcase name="testAssetReportAccountsInner()" classname="org.fuse.client.model.AssetReportAccountsInnerTest" time="0.0"/>
  <system-out><![CDATA[]]></system-out>
  <system-err><![CDATA[]]></system-err>
</testsuite>
