<?xml version="1.0" encoding="UTF-8"?>
<testsuite name="org.fuse.client.model.MigrateFinancialConnectionsAggregatorConnectionDataMxTest" tests="3" skipped="0" failures="0" errors="0" timestamp="2023-12-19T17:51:39" hostname="Mac-1703007785441.local" time="0.0">
  <properties/>
  <testcase name="userGuidTest()" classname="org.fuse.client.model.MigrateFinancialConnectionsAggregatorConnectionDataMxTest" time="0.0"/>
  <testcase name="memberGuidTest()" classname="org.fuse.client.model.MigrateFinancialConnectionsAggregatorConnectionDataMxTest" time="0.0"/>
  <testcase name="testMigrateFinancialConnectionsAggregatorConnectionDataMx()" classname="org.fuse.client.model.MigrateFinancialConnectionsAggregatorConnectionDataMxTest" time="0.0"/>
  <system-out><![CDATA[]]></system-out>
  <system-err><![CDATA[]]></system-err>
</testsuite>
