<?xml version="1.0" encoding="UTF-8"?>
<testsuite name="org.fuse.client.model.ExchangeFinancialConnectionsPublicTokenRequestTest" tests="2" skipped="0" failures="0" errors="0" timestamp="2023-12-19T17:51:38" hostname="Mac-1703007785441.local" time="0.003">
  <properties/>
  <testcase name="publicTokenTest()" classname="org.fuse.client.model.ExchangeFinancialConnectionsPublicTokenRequestTest" time="0.002"/>
  <testcase name="testExchangeFinancialConnectionsPublicTokenRequest()" classname="org.fuse.client.model.ExchangeFinancialConnectionsPublicTokenRequestTest" time="0.0"/>
  <system-out><![CDATA[]]></system-out>
  <system-err><![CDATA[]]></system-err>
</testsuite>
