<?xml version="1.0" encoding="UTF-8"?>
<testsuite name="org.fuse.client.model.GetFinancialInstitutionResponseTest" tests="3" skipped="0" failures="0" errors="0" timestamp="2023-12-19T17:51:39" hostname="Mac-1703007785441.local" time="0.021">
  <properties/>
  <testcase name="testGetFinancialInstitutionResponse()" classname="org.fuse.client.model.GetFinancialInstitutionResponseTest" time="0.001"/>
  <testcase name="financialInstitutionTest()" classname="org.fuse.client.model.GetFinancialInstitutionResponseTest" time="0.001"/>
  <testcase name="requestIdTest()" classname="org.fuse.client.model.GetFinancialInstitutionResponseTest" time="0.001"/>
  <system-out><![CDATA[]]></system-out>
  <system-err><![CDATA[]]></system-err>
</testsuite>
