<?xml version="1.0" encoding="UTF-8"?>
<testsuite name="org.fuse.client.model.GetFinancialConnectionsTransactionsRequestTest" tests="6" skipped="0" failures="0" errors="0" timestamp="2023-12-19T17:51:38" hostname="Mac-1703007785441.local" time="0.013">
  <properties/>
  <testcase name="accessTokenTest()" classname="org.fuse.client.model.GetFinancialConnectionsTransactionsRequestTest" time="0.001"/>
  <testcase name="recordsPerPageTest()" classname="org.fuse.client.model.GetFinancialConnectionsTransactionsRequestTest" time="0.005"/>
  <testcase name="endDateTest()" classname="org.fuse.client.model.GetFinancialConnectionsTransactionsRequestTest" time="0.0"/>
  <testcase name="pageTest()" classname="org.fuse.client.model.GetFinancialConnectionsTransactionsRequestTest" time="0.001"/>
  <testcase name="testGetFinancialConnectionsTransactionsRequest()" classname="org.fuse.client.model.GetFinancialConnectionsTransactionsRequestTest" time="0.001"/>
  <testcase name="startDateTest()" classname="org.fuse.client.model.GetFinancialConnectionsTransactionsRequestTest" time="0.002"/>
  <system-out><![CDATA[]]></system-out>
  <system-err><![CDATA[]]></system-err>
</testsuite>
