<?xml version="1.0" encoding="UTF-8"?>
<testsuite name="org.fuse.client.model.CreateLinkTokenRequestTellerConfigAccountFilterCreditOneOfTest" tests="2" skipped="0" failures="0" errors="0" timestamp="2023-12-19T17:51:39" hostname="Mac-1703007785441.local" time="0.004">
  <properties/>
  <testcase name="testCreateLinkTokenRequestTellerConfigAccountFilterCreditOneOf()" classname="org.fuse.client.model.CreateLinkTokenRequestTellerConfigAccountFilterCreditOneOfTest" time="0.0"/>
  <testcase name="subtypesTest()" classname="org.fuse.client.model.CreateLinkTokenRequestTellerConfigAccountFilterCreditOneOfTest" time="0.001"/>
  <system-out><![CDATA[]]></system-out>
  <system-err><![CDATA[]]></system-err>
</testsuite>
