<?xml version="1.0" encoding="UTF-8"?>
<testsuite name="org.fuse.client.model.WebhookEventTest" tests="10" skipped="0" failures="0" errors="0" timestamp="2023-12-19T17:51:39" hostname="Mac-1703007785441.local" time="0.002">
  <properties/>
  <testcase name="assetReportIdTest()" classname="org.fuse.client.model.WebhookEventTest" time="0.0"/>
  <testcase name="verificationTokenTest()" classname="org.fuse.client.model.WebhookEventTest" time="0.0"/>
  <testcase name="financialConnectionIdTest()" classname="org.fuse.client.model.WebhookEventTest" time="0.0"/>
  <testcase name="sourceTest()" classname="org.fuse.client.model.WebhookEventTest" time="0.0"/>
  <testcase name="typeTest()" classname="org.fuse.client.model.WebhookEventTest" time="0.0"/>
  <testcase name="testWebhookEvent()" classname="org.fuse.client.model.WebhookEventTest" time="0.0"/>
  <testcase name="remoteDataTest()" classname="org.fuse.client.model.WebhookEventTest" time="0.0"/>
  <testcase name="historicalTransactionsAvailableTest()" classname="org.fuse.client.model.WebhookEventTest" time="0.0"/>
  <testcase name="environmentTest()" classname="org.fuse.client.model.WebhookEventTest" time="0.0"/>
  <testcase name="removedTransactionIdsTest()" classname="org.fuse.client.model.WebhookEventTest" time="0.0"/>
  <system-out><![CDATA[]]></system-out>
  <system-err><![CDATA[]]></system-err>
</testsuite>
