<?xml version="1.0" encoding="UTF-8"?>
<testsuite name="org.fuse.client.model.TransactionTest" tests="13" skipped="0" failures="0" errors="0" timestamp="2023-12-19T17:51:38" hostname="Mac-1703007785441.local" time="0.013">
  <properties/>
  <testcase name="amountTest()" classname="org.fuse.client.model.TransactionTest" time="0.0"/>
  <testcase name="typeTest()" classname="org.fuse.client.model.TransactionTest" time="0.0"/>
  <testcase name="isoCurrencyCodeTest()" classname="org.fuse.client.model.TransactionTest" time="0.002"/>
  <testcase name="remoteIdTest()" classname="org.fuse.client.model.TransactionTest" time="0.001"/>
  <testcase name="remoteAccountIdTest()" classname="org.fuse.client.model.TransactionTest" time="0.0"/>
  <testcase name="statusTest()" classname="org.fuse.client.model.TransactionTest" time="0.0"/>
  <testcase name="categoryTest()" classname="org.fuse.client.model.TransactionTest" time="0.0"/>
  <testcase name="fingerprintTest()" classname="org.fuse.client.model.TransactionTest" time="0.0"/>
  <testcase name="remoteDataTest()" classname="org.fuse.client.model.TransactionTest" time="0.0"/>
  <testcase name="merchantTest()" classname="org.fuse.client.model.TransactionTest" time="0.0"/>
  <testcase name="descriptionTest()" classname="org.fuse.client.model.TransactionTest" time="0.001"/>
  <testcase name="testTransaction()" classname="org.fuse.client.model.TransactionTest" time="0.0"/>
  <testcase name="dateTest()" classname="org.fuse.client.model.TransactionTest" time="0.007"/>
  <system-out><![CDATA[]]></system-out>
  <system-err><![CDATA[]]></system-err>
</testsuite>
