<?xml version="1.0" encoding="UTF-8"?>
<testsuite name="org.fuse.client.model.MigrateFinancialConnectionsAggregatorConnectionDataTest" tests="4" skipped="0" failures="0" errors="0" timestamp="2023-12-19T17:51:39" hostname="Mac-1703007785441.local" time="0.009">
  <properties/>
  <testcase name="mxTest()" classname="org.fuse.client.model.MigrateFinancialConnectionsAggregatorConnectionDataTest" time="0.0"/>
  <testcase name="testMigrateFinancialConnectionsAggregatorConnectionData()" classname="org.fuse.client.model.MigrateFinancialConnectionsAggregatorConnectionDataTest" time="0.001"/>
  <testcase name="tellerTest()" classname="org.fuse.client.model.MigrateFinancialConnectionsAggregatorConnectionDataTest" time="0.001"/>
  <testcase name="plaidTest()" classname="org.fuse.client.model.MigrateFinancialConnectionsAggregatorConnectionDataTest" time="0.004"/>
  <system-out><![CDATA[]]></system-out>
  <system-err><![CDATA[]]></system-err>
</testsuite>
