<?xml version="1.0" encoding="UTF-8"?>
<testsuite name="org.fuse.client.model.ExternalTransactionEventTest" tests="13" skipped="0" failures="0" errors="0" timestamp="2023-12-19T17:51:39" hostname="Mac-1703007785441.local" time="0.003">
  <properties/>
  <testcase name="transactionDescriptionTest()" classname="org.fuse.client.model.ExternalTransactionEventTest" time="0.0"/>
  <testcase name="amountTest()" classname="org.fuse.client.model.ExternalTransactionEventTest" time="0.001"/>
  <testcase name="idTest()" classname="org.fuse.client.model.ExternalTransactionEventTest" time="0.0"/>
  <testcase name="balanceTest()" classname="org.fuse.client.model.ExternalTransactionEventTest" time="0.0"/>
  <testcase name="isoCurrencyCodeTest()" classname="org.fuse.client.model.ExternalTransactionEventTest" time="0.0"/>
  <testcase name="testExternalTransactionEvent()" classname="org.fuse.client.model.ExternalTransactionEventTest" time="0.0"/>
  <testcase name="statusTest()" classname="org.fuse.client.model.ExternalTransactionEventTest" time="0.0"/>
  <testcase name="transactionOwnerTypeTest()" classname="org.fuse.client.model.ExternalTransactionEventTest" time="0.001"/>
  <testcase name="countryCodeTest()" classname="org.fuse.client.model.ExternalTransactionEventTest" time="0.0"/>
  <testcase name="eventTypeTest()" classname="org.fuse.client.model.ExternalTransactionEventTest" time="0.0"/>
  <testcase name="transactionTypeTest()" classname="org.fuse.client.model.ExternalTransactionEventTest" time="0.0"/>
  <testcase name="merchantNameTest()" classname="org.fuse.client.model.ExternalTransactionEventTest" time="0.0"/>
  <testcase name="timestampTest()" classname="org.fuse.client.model.ExternalTransactionEventTest" time="0.001"/>
  <system-out><![CDATA[]]></system-out>
  <system-err><![CDATA[]]></system-err>
</testsuite>
