<?xml version="1.0" encoding="UTF-8"?>
<testsuite name="org.fuse.client.model.FinancialConnectionsAccountCachedBalanceTest" tests="5" skipped="0" failures="0" errors="0" timestamp="2023-12-19T17:51:39" hostname="Mac-1703007785441.local" time="0.002">
  <properties/>
  <testcase name="lastUpdatedDateTest()" classname="org.fuse.client.model.FinancialConnectionsAccountCachedBalanceTest" time="0.0"/>
  <testcase name="isoCurrencyCodeTest()" classname="org.fuse.client.model.FinancialConnectionsAccountCachedBalanceTest" time="0.0"/>
  <testcase name="currentTest()" classname="org.fuse.client.model.FinancialConnectionsAccountCachedBalanceTest" time="0.0"/>
  <testcase name="testFinancialConnectionsAccountCachedBalance()" classname="org.fuse.client.model.FinancialConnectionsAccountCachedBalanceTest" time="0.0"/>
  <testcase name="availableTest()" classname="org.fuse.client.model.FinancialConnectionsAccountCachedBalanceTest" time="0.0"/>
  <system-out><![CDATA[]]></system-out>
  <system-err><![CDATA[]]></system-err>
</testsuite>
