<?xml version="1.0" encoding="UTF-8"?>
<testsuite name="org.fuse.client.model.AssetReportTest" tests="6" skipped="0" failures="0" errors="0" timestamp="2023-12-19T17:51:39" hostname="Mac-1703007785441.local" time="0.001">
  <properties/>
  <testcase name="daysRequestedTest()" classname="org.fuse.client.model.AssetReportTest" time="0.0"/>
  <testcase name="assetReportIdTest()" classname="org.fuse.client.model.AssetReportTest" time="0.0"/>
  <testcase name="assetReportTokenTest()" classname="org.fuse.client.model.AssetReportTest" time="0.0"/>
  <testcase name="testAssetReport()" classname="org.fuse.client.model.AssetReportTest" time="0.0"/>
  <testcase name="accountsTest()" classname="org.fuse.client.model.AssetReportTest" time="0.0"/>
  <testcase name="dateGeneratedTest()" classname="org.fuse.client.model.AssetReportTest" time="0.0"/>
  <system-out><![CDATA[]]></system-out>
  <system-err><![CDATA[]]></system-err>
</testsuite>
