<?xml version="1.0" encoding="UTF-8"?>
<testsuite name="org.fuse.client.model.CreateSessionResponseTest" tests="4" skipped="0" failures="0" errors="0" timestamp="2023-12-19T17:51:38" hostname="Mac-1703007785441.local" time="0.003">
  <properties/>
  <testcase name="testCreateSessionResponse()" classname="org.fuse.client.model.CreateSessionResponseTest" time="0.0"/>
  <testcase name="clientSecretTest()" classname="org.fuse.client.model.CreateSessionResponseTest" time="0.001"/>
  <testcase name="expirationTest()" classname="org.fuse.client.model.CreateSessionResponseTest" time="0.001"/>
  <testcase name="requestIdTest()" classname="org.fuse.client.model.CreateSessionResponseTest" time="0.001"/>
  <system-out><![CDATA[]]></system-out>
  <system-err><![CDATA[]]></system-err>
</testsuite>
