<?xml version="1.0" encoding="UTF-8"?>
<testsuite name="org.fuse.client.api.RiskReportApiTest" tests="2" skipped="2" failures="0" errors="0" timestamp="2023-12-19T17:51:39" hostname="Mac-1703007785441.local" time="0.0">
  <properties/>
  <testcase name="deleteConsumerRiskReportTest()" classname="org.fuse.client.api.RiskReportApiTest" time="0.0">
    <skipped/>
  </testcase>
  <testcase name="getConsumerRiskReportCustomizationTest()" classname="org.fuse.client.api.RiskReportApiTest" time="0.0">
    <skipped/>
  </testcase>
  <system-out><![CDATA[]]></system-out>
  <system-err><![CDATA[]]></system-err>
</testsuite>
