<?xml version="1.0" encoding="UTF-8"?>
<testsuite name="org.fuse.client.model.InAppTransactionEventTest" tests="10" skipped="0" failures="0" errors="0" timestamp="2023-12-19T17:51:39" hostname="Mac-1703007785441.local" time="0.002">
  <properties/>
  <testcase name="amountTest()" classname="org.fuse.client.model.InAppTransactionEventTest" time="0.0"/>
  <testcase name="idTest()" classname="org.fuse.client.model.InAppTransactionEventTest" time="0.0"/>
  <testcase name="balanceTest()" classname="org.fuse.client.model.InAppTransactionEventTest" time="0.001"/>
  <testcase name="isoCurrencyCodeTest()" classname="org.fuse.client.model.InAppTransactionEventTest" time="0.0"/>
  <testcase name="statusTest()" classname="org.fuse.client.model.InAppTransactionEventTest" time="0.0"/>
  <testcase name="testInAppTransactionEvent()" classname="org.fuse.client.model.InAppTransactionEventTest" time="0.0"/>
  <testcase name="eventTypeTest()" classname="org.fuse.client.model.InAppTransactionEventTest" time="0.0"/>
  <testcase name="transactionTypeTest()" classname="org.fuse.client.model.InAppTransactionEventTest" time="0.0"/>
  <testcase name="merchantNameTest()" classname="org.fuse.client.model.InAppTransactionEventTest" time="0.0"/>
  <testcase name="timestampTest()" classname="org.fuse.client.model.InAppTransactionEventTest" time="0.0"/>
  <system-out><![CDATA[]]></system-out>
  <system-err><![CDATA[]]></system-err>
</testsuite>
