<?xml version="1.0" encoding="UTF-8"?>
<testsuite name="org.fuse.client.model.UpdateConsumerRiskReportCustomizationRequestTest" tests="5" skipped="0" failures="0" errors="0" timestamp="2023-12-19T17:51:39" hostname="Mac-1703007785441.local" time="0.001">
  <properties/>
  <testcase name="testUpdateConsumerRiskReportCustomizationRequest()" classname="org.fuse.client.model.UpdateConsumerRiskReportCustomizationRequestTest" time="0.0"/>
  <testcase name="riskToleranceTest()" classname="org.fuse.client.model.UpdateConsumerRiskReportCustomizationRequestTest" time="0.0"/>
  <testcase name="maxLimitTest()" classname="org.fuse.client.model.UpdateConsumerRiskReportCustomizationRequestTest" time="0.0"/>
  <testcase name="timeframeTest()" classname="org.fuse.client.model.UpdateConsumerRiskReportCustomizationRequestTest" time="0.0"/>
  <testcase name="minLimitTest()" classname="org.fuse.client.model.UpdateConsumerRiskReportCustomizationRequestTest" time="0.0"/>
  <system-out><![CDATA[]]></system-out>
  <system-err><![CDATA[]]></system-err>
</testsuite>
