<?xml version="1.0" encoding="UTF-8"?>
<testsuite name="org.fuse.client.model.CreateLinkTokenRequestMxTest" tests="2" skipped="0" failures="0" errors="0" timestamp="2023-12-19T17:51:38" hostname="Mac-1703007785441.local" time="0.002">
  <properties/>
  <testcase name="configTest()" classname="org.fuse.client.model.CreateLinkTokenRequestMxTest" time="0.001"/>
  <testcase name="testCreateLinkTokenRequestMx()" classname="org.fuse.client.model.CreateLinkTokenRequestMxTest" time="0.001"/>
  <system-out><![CDATA[]]></system-out>
  <system-err><![CDATA[]]></system-err>
</testsuite>
