<?xml version="1.0" encoding="UTF-8"?>
<testsuite name="org.fuse.client.model.FinancialConnectionsOwnerPhoneNumbersInnerTest" tests="4" skipped="0" failures="0" errors="0" timestamp="2023-12-19T17:51:39" hostname="Mac-1703007785441.local" time="0.002">
  <properties/>
  <testcase name="primaryTest()" classname="org.fuse.client.model.FinancialConnectionsOwnerPhoneNumbersInnerTest" time="0.0"/>
  <testcase name="typeTest()" classname="org.fuse.client.model.FinancialConnectionsOwnerPhoneNumbersInnerTest" time="0.001"/>
  <testcase name="testFinancialConnectionsOwnerPhoneNumbersInner()" classname="org.fuse.client.model.FinancialConnectionsOwnerPhoneNumbersInnerTest" time="0.0"/>
  <testcase name="dataTest()" classname="org.fuse.client.model.FinancialConnectionsOwnerPhoneNumbersInnerTest" time="0.001"/>
  <system-out><![CDATA[]]></system-out>
  <system-err><![CDATA[]]></system-err>
</testsuite>
